{"/Users/inkxk/Sale-Here-Backend/src/config/db.js": {"path":"/Users/inkxk/Sale-Here-Backend/src/config/db.js","statementMap":{"0":{"start":{"line":1,"column":17},"end":{"line":1,"column":36}},"1":{"start":{"line":4,"column":14},"end":{"line":4,"column":40}},"2":{"start":{"line":6,"column":2},"end":{"line":14,"column":3}},"3":{"start":{"line":7,"column":4},"end":{"line":10,"column":7}},"4":{"start":{"line":12,"column":4},"end":{"line":12,"column":31}},"5":{"start":{"line":13,"column":4},"end":{"line":13,"column":20}},"6":{"start":{"line":16,"column":23},"end":{"line":16,"column":42}},"7":{"start":{"line":18,"column":2},"end":{"line":20,"column":5}},"8":{"start":{"line":19,"column":4},"end":{"line":19,"column":46}},"9":{"start":{"line":22,"column":2},"end":{"line":24,"column":5}},"10":{"start":{"line":23,"column":4},"end":{"line":23,"column":46}},"11":{"start":{"line":26,"column":2},"end":{"line":26,"column":9}},"12":{"start":{"line":29,"column":0},"end":{"line":31,"column":2}}},"fnMap":{"0":{"name":"connectDB","decl":{"start":{"line":3,"column":15},"end":{"line":3,"column":24}},"loc":{"start":{"line":3,"column":27},"end":{"line":27,"column":1}},"line":3},"1":{"name":"(anonymous_1)","decl":{"start":{"line":18,"column":28},"end":{"line":18,"column":29}},"loc":{"start":{"line":18,"column":35},"end":{"line":20,"column":3}},"line":18},"2":{"name":"(anonymous_2)","decl":{"start":{"line":22,"column":27},"end":{"line":22,"column":28}},"loc":{"start":{"line":22,"column":36},"end":{"line":24,"column":3}},"line":22}},"branchMap":{},"s":{"0":1,"1":3,"2":3,"3":3,"4":1,"5":1,"6":3,"7":3,"8":3,"9":3,"10":1,"11":3,"12":1},"f":{"0":3,"1":3,"2":1},"b":{},"_coverageSchema":"1a1c01bbd47fc00a2c39e90264f33305004495a9","hash":"9c8527c6e25abcb6bf1a61579e0001dadf41f315"}
,"/Users/inkxk/Sale-Here-Backend/src/graphql/resolvers.js": {"path":"/Users/inkxk/Sale-Here-Backend/src/graphql/resolvers.js","statementMap":{"0":{"start":{"line":1,"column":39},"end":{"line":1,"column":71}},"1":{"start":{"line":2,"column":13},"end":{"line":2,"column":28}},"2":{"start":{"line":4,"column":23},"end":{"line":4,"column":70}},"3":{"start":{"line":5,"column":18},"end":{"line":5,"column":48}},"4":{"start":{"line":7,"column":0},"end":{"line":9,"column":2}}},"fnMap":{},"branchMap":{},"s":{"0":1,"1":1,"2":1,"3":1,"4":1},"f":{},"b":{},"_coverageSchema":"1a1c01bbd47fc00a2c39e90264f33305004495a9","hash":"4248debfa75fe402fc37bd1fb7429a3d6153443c"}
,"/Users/inkxk/Sale-Here-Backend/src/graphql/typedefs.js": {"path":"/Users/inkxk/Sale-Here-Backend/src/graphql/typedefs.js","statementMap":{"0":{"start":{"line":1,"column":35},"end":{"line":1,"column":67}},"1":{"start":{"line":2,"column":13},"end":{"line":2,"column":28}},"2":{"start":{"line":4,"column":19},"end":{"line":4,"column":63}},"3":{"start":{"line":5,"column":17},"end":{"line":5,"column":54}},"4":{"start":{"line":7,"column":0},"end":{"line":9,"column":2}}},"fnMap":{},"branchMap":{},"s":{"0":1,"1":1,"2":1,"3":1,"4":1},"f":{},"b":{},"_coverageSchema":"1a1c01bbd47fc00a2c39e90264f33305004495a9","hash":"9c67dbb4c8d24957c0460f01bb77278fe80df448"}
,"/Users/inkxk/Sale-Here-Backend/src/model/messages.js": {"path":"/Users/inkxk/Sale-Here-Backend/src/model/messages.js","statementMap":{"0":{"start":{"line":1,"column":17},"end":{"line":1,"column":36}},"1":{"start":{"line":2,"column":19},"end":{"line":2,"column":27}},"2":{"start":{"line":4,"column":21},"end":{"line":9,"column":2}},"3":{"start":{"line":11,"column":23},"end":{"line":33,"column":2}},"4":{"start":{"line":35,"column":17},"end":{"line":35,"column":59}},"5":{"start":{"line":37,"column":0},"end":{"line":39,"column":2}}},"fnMap":{},"branchMap":{},"s":{"0":1,"1":1,"2":1,"3":1,"4":1,"5":1},"f":{},"b":{},"_coverageSchema":"1a1c01bbd47fc00a2c39e90264f33305004495a9","hash":"1ea605d953728e354cfb5e8b76f5fe28f0d7f207"}
,"/Users/inkxk/Sale-Here-Backend/src/model/rooms.js": {"path":"/Users/inkxk/Sale-Here-Backend/src/model/rooms.js","statementMap":{"0":{"start":{"line":1,"column":17},"end":{"line":1,"column":36}},"1":{"start":{"line":2,"column":19},"end":{"line":2,"column":27}},"2":{"start":{"line":4,"column":20},"end":{"line":15,"column":2}},"3":{"start":{"line":17,"column":14},"end":{"line":17,"column":50}},"4":{"start":{"line":19,"column":0},"end":{"line":21,"column":2}}},"fnMap":{},"branchMap":{},"s":{"0":1,"1":1,"2":1,"3":1,"4":1},"f":{},"b":{},"_coverageSchema":"1a1c01bbd47fc00a2c39e90264f33305004495a9","hash":"f09eddd89c517afd276e97f6abbafdfa718d139b"}
}
