{"/Users/inkxk/Sale-Here-Backend/src/index.js": {"path":"/Users/inkxk/Sale-Here-Backend/src/index.js","statementMap":{"0":{"start":{"line":1,"column":30},"end":{"line":1,"column":54}},"1":{"start":{"line":2,"column":21},"end":{"line":2,"column":50}},"2":{"start":{"line":3,"column":22},"end":{"line":3,"column":52}},"3":{"start":{"line":4,"column":22},"end":{"line":4,"column":44}},"4":{"start":{"line":6,"column":0},"end":{"line":6,"column":12}},"5":{"start":{"line":8,"column":15},"end":{"line":13,"column":2}},"6":{"start":{"line":15,"column":0},"end":{"line":17,"column":3}},"7":{"start":{"line":16,"column":2},"end":{"line":16,"column":44}}},"fnMap":{"0":{"name":"(anonymous_0)","decl":{"start":{"line":15,"column":21},"end":{"line":15,"column":22}},"loc":{"start":{"line":15,"column":34},"end":{"line":17,"column":1}},"line":15}},"branchMap":{},"s":{"0":1,"1":1,"2":1,"3":1,"4":1,"5":1,"6":1,"7":1},"f":{"0":1},"b":{},"_coverageSchema":"1a1c01bbd47fc00a2c39e90264f33305004495a9","hash":"c75e14166e34c663ad473c698d9fbfe08b2eeea3"}
,"/Users/inkxk/Sale-Here-Backend/src/config/db.js": {"path":"/Users/inkxk/Sale-Here-Backend/src/config/db.js","statementMap":{"0":{"start":{"line":1,"column":17},"end":{"line":1,"column":36}},"1":{"start":{"line":4,"column":14},"end":{"line":4,"column":40}},"2":{"start":{"line":6,"column":2},"end":{"line":14,"column":3}},"3":{"start":{"line":7,"column":4},"end":{"line":10,"column":7}},"4":{"start":{"line":12,"column":4},"end":{"line":12,"column":31}},"5":{"start":{"line":13,"column":4},"end":{"line":13,"column":20}},"6":{"start":{"line":16,"column":23},"end":{"line":16,"column":42}},"7":{"start":{"line":18,"column":2},"end":{"line":20,"column":5}},"8":{"start":{"line":19,"column":4},"end":{"line":19,"column":46}},"9":{"start":{"line":22,"column":2},"end":{"line":24,"column":5}},"10":{"start":{"line":23,"column":4},"end":{"line":23,"column":46}},"11":{"start":{"line":26,"column":2},"end":{"line":26,"column":9}},"12":{"start":{"line":29,"column":0},"end":{"line":31,"column":2}}},"fnMap":{"0":{"name":"connectDB","decl":{"start":{"line":3,"column":15},"end":{"line":3,"column":24}},"loc":{"start":{"line":3,"column":27},"end":{"line":27,"column":1}},"line":3},"1":{"name":"(anonymous_1)","decl":{"start":{"line":18,"column":28},"end":{"line":18,"column":29}},"loc":{"start":{"line":18,"column":35},"end":{"line":20,"column":3}},"line":18},"2":{"name":"(anonymous_2)","decl":{"start":{"line":22,"column":27},"end":{"line":22,"column":28}},"loc":{"start":{"line":22,"column":36},"end":{"line":24,"column":3}},"line":22}},"branchMap":{},"s":{"0":1,"1":3,"2":3,"3":3,"4":1,"5":1,"6":3,"7":3,"8":3,"9":3,"10":1,"11":3,"12":1},"f":{"0":3,"1":3,"2":1},"b":{},"_coverageSchema":"1a1c01bbd47fc00a2c39e90264f33305004495a9","hash":"9c8527c6e25abcb6bf1a61579e0001dadf41f315"}
,"/Users/inkxk/Sale-Here-Backend/src/graphql/resolvers.js": {"path":"/Users/inkxk/Sale-Here-Backend/src/graphql/resolvers.js","statementMap":{"0":{"start":{"line":1,"column":39},"end":{"line":1,"column":71}},"1":{"start":{"line":2,"column":13},"end":{"line":2,"column":28}},"2":{"start":{"line":4,"column":23},"end":{"line":4,"column":70}},"3":{"start":{"line":5,"column":18},"end":{"line":5,"column":48}},"4":{"start":{"line":7,"column":0},"end":{"line":9,"column":2}}},"fnMap":{},"branchMap":{},"s":{"0":2,"1":2,"2":2,"3":2,"4":2},"f":{},"b":{},"_coverageSchema":"1a1c01bbd47fc00a2c39e90264f33305004495a9","hash":"4248debfa75fe402fc37bd1fb7429a3d6153443c"}
,"/Users/inkxk/Sale-Here-Backend/src/graphql/typedefs.js": {"path":"/Users/inkxk/Sale-Here-Backend/src/graphql/typedefs.js","statementMap":{"0":{"start":{"line":1,"column":35},"end":{"line":1,"column":67}},"1":{"start":{"line":2,"column":13},"end":{"line":2,"column":28}},"2":{"start":{"line":4,"column":19},"end":{"line":4,"column":63}},"3":{"start":{"line":5,"column":17},"end":{"line":5,"column":54}},"4":{"start":{"line":7,"column":0},"end":{"line":9,"column":2}}},"fnMap":{},"branchMap":{},"s":{"0":2,"1":2,"2":2,"3":2,"4":2},"f":{},"b":{},"_coverageSchema":"1a1c01bbd47fc00a2c39e90264f33305004495a9","hash":"9c67dbb4c8d24957c0460f01bb77278fe80df448"}
,"/Users/inkxk/Sale-Here-Backend/src/graphql/resolvers/message.js": {"path":"/Users/inkxk/Sale-Here-Backend/src/graphql/resolvers/message.js","statementMap":{"0":{"start":{"line":1,"column":23},"end":{"line":1,"column":38}},"1":{"start":{"line":2,"column":21},"end":{"line":2,"column":52}},"2":{"start":{"line":3,"column":18},"end":{"line":3,"column":46}},"3":{"start":{"line":5,"column":18},"end":{"line":60,"column":1}},"4":{"start":{"line":8,"column":6},"end":{"line":15,"column":9}},"5":{"start":{"line":10,"column":10},"end":{"line":10,"column":57}},"6":{"start":{"line":11,"column":10},"end":{"line":11,"column":26}},"7":{"start":{"line":14,"column":10},"end":{"line":14,"column":52}},"8":{"start":{"line":20,"column":24},"end":{"line":26,"column":8}},"9":{"start":{"line":22,"column":10},"end":{"line":22,"column":21}},"10":{"start":{"line":25,"column":10},"end":{"line":25,"column":50}},"11":{"start":{"line":28,"column":6},"end":{"line":33,"column":7}},"12":{"start":{"line":29,"column":8},"end":{"line":29,"column":56}},"13":{"start":{"line":30,"column":8},"end":{"line":32,"column":10}},"14":{"start":{"line":35,"column":28},"end":{"line":43,"column":8}},"15":{"start":{"line":45,"column":6},"end":{"line":57,"column":9}},"16":{"start":{"line":47,"column":10},"end":{"line":47,"column":53}},"17":{"start":{"line":48,"column":10},"end":{"line":50,"column":12}},"18":{"start":{"line":53,"column":10},"end":{"line":53,"column":50}},"19":{"start":{"line":54,"column":10},"end":{"line":56,"column":12}},"20":{"start":{"line":62,"column":0},"end":{"line":64,"column":1}}},"fnMap":{"0":{"name":"(anonymous_0)","decl":{"start":{"line":7,"column":14},"end":{"line":7,"column":15}},"loc":{"start":{"line":7,"column":38},"end":{"line":16,"column":5}},"line":7},"1":{"name":"(anonymous_1)","decl":{"start":{"line":9,"column":15},"end":{"line":9,"column":16}},"loc":{"start":{"line":9,"column":27},"end":{"line":12,"column":9}},"line":9},"2":{"name":"(anonymous_2)","decl":{"start":{"line":13,"column":16},"end":{"line":13,"column":17}},"loc":{"start":{"line":13,"column":25},"end":{"line":15,"column":7}},"line":13},"3":{"name":"(anonymous_3)","decl":{"start":{"line":19,"column":17},"end":{"line":19,"column":18}},"loc":{"start":{"line":19,"column":65},"end":{"line":58,"column":5}},"line":19},"4":{"name":"(anonymous_4)","decl":{"start":{"line":21,"column":15},"end":{"line":21,"column":16}},"loc":{"start":{"line":21,"column":23},"end":{"line":23,"column":9}},"line":21},"5":{"name":"(anonymous_5)","decl":{"start":{"line":24,"column":16},"end":{"line":24,"column":17}},"loc":{"start":{"line":24,"column":25},"end":{"line":26,"column":7}},"line":24},"6":{"name":"(anonymous_6)","decl":{"start":{"line":46,"column":15},"end":{"line":46,"column":16}},"loc":{"start":{"line":46,"column":27},"end":{"line":51,"column":9}},"line":46},"7":{"name":"(anonymous_7)","decl":{"start":{"line":52,"column":16},"end":{"line":52,"column":17}},"loc":{"start":{"line":52,"column":25},"end":{"line":57,"column":7}},"line":52}},"branchMap":{"0":{"loc":{"start":{"line":28,"column":6},"end":{"line":33,"column":7}},"type":"if","locations":[{"start":{"line":28,"column":6},"end":{"line":33,"column":7}},{"start":{},"end":{}}],"line":28},"1":{"loc":{"start":{"line":28,"column":10},"end":{"line":28,"column":57}},"type":"binary-expr","locations":[{"start":{"line":28,"column":10},"end":{"line":28,"column":32}},{"start":{"line":28,"column":36},"end":{"line":28,"column":57}}],"line":28}},"s":{"0":2,"1":2,"2":2,"3":2,"4":2,"5":1,"6":1,"7":1,"8":4,"9":3,"10":1,"11":4,"12":2,"13":2,"14":2,"15":2,"16":1,"17":1,"18":1,"19":1,"20":2},"f":{"0":2,"1":1,"2":1,"3":4,"4":3,"5":1,"6":1,"7":1},"b":{"0":[2,2],"1":[4,3]},"_coverageSchema":"1a1c01bbd47fc00a2c39e90264f33305004495a9","hash":"d302ba3927c1293e726429c781b413769126157a"}
,"/Users/inkxk/Sale-Here-Backend/src/graphql/resolvers/room.js": {"path":"/Users/inkxk/Sale-Here-Backend/src/graphql/resolvers/room.js","statementMap":{"0":{"start":{"line":1,"column":23},"end":{"line":1,"column":38}},"1":{"start":{"line":2,"column":18},"end":{"line":2,"column":46}},"2":{"start":{"line":4,"column":18},"end":{"line":27,"column":1}},"3":{"start":{"line":7,"column":25},"end":{"line":10,"column":8}},"4":{"start":{"line":12,"column":6},"end":{"line":24,"column":9}},"5":{"start":{"line":14,"column":10},"end":{"line":14,"column":52}},"6":{"start":{"line":15,"column":10},"end":{"line":17,"column":12}},"7":{"start":{"line":20,"column":10},"end":{"line":20,"column":47}},"8":{"start":{"line":21,"column":10},"end":{"line":23,"column":12}},"9":{"start":{"line":29,"column":0},"end":{"line":31,"column":1}}},"fnMap":{"0":{"name":"(anonymous_0)","decl":{"start":{"line":6,"column":16},"end":{"line":6,"column":17}},"loc":{"start":{"line":6,"column":42},"end":{"line":25,"column":5}},"line":6},"1":{"name":"(anonymous_1)","decl":{"start":{"line":13,"column":15},"end":{"line":13,"column":16}},"loc":{"start":{"line":13,"column":27},"end":{"line":18,"column":9}},"line":13},"2":{"name":"(anonymous_2)","decl":{"start":{"line":19,"column":16},"end":{"line":19,"column":17}},"loc":{"start":{"line":19,"column":23},"end":{"line":24,"column":7}},"line":19}},"branchMap":{},"s":{"0":2,"1":2,"2":2,"3":2,"4":2,"5":1,"6":1,"7":1,"8":1,"9":2},"f":{"0":2,"1":1,"2":1},"b":{},"_coverageSchema":"1a1c01bbd47fc00a2c39e90264f33305004495a9","hash":"5ec8d5e57aabd59d6685dee49a5f1db3681896df"}
,"/Users/inkxk/Sale-Here-Backend/src/model/messages.js": {"path":"/Users/inkxk/Sale-Here-Backend/src/model/messages.js","statementMap":{"0":{"start":{"line":1,"column":17},"end":{"line":1,"column":36}},"1":{"start":{"line":2,"column":19},"end":{"line":2,"column":27}},"2":{"start":{"line":4,"column":21},"end":{"line":9,"column":2}},"3":{"start":{"line":11,"column":23},"end":{"line":33,"column":2}},"4":{"start":{"line":35,"column":17},"end":{"line":35,"column":59}},"5":{"start":{"line":37,"column":0},"end":{"line":39,"column":2}}},"fnMap":{},"branchMap":{},"s":{"0":3,"1":3,"2":3,"3":3,"4":3,"5":3},"f":{},"b":{},"_coverageSchema":"1a1c01bbd47fc00a2c39e90264f33305004495a9","hash":"1ea605d953728e354cfb5e8b76f5fe28f0d7f207"}
,"/Users/inkxk/Sale-Here-Backend/src/model/rooms.js": {"path":"/Users/inkxk/Sale-Here-Backend/src/model/rooms.js","statementMap":{"0":{"start":{"line":1,"column":17},"end":{"line":1,"column":36}},"1":{"start":{"line":2,"column":19},"end":{"line":2,"column":27}},"2":{"start":{"line":4,"column":20},"end":{"line":15,"column":2}},"3":{"start":{"line":17,"column":14},"end":{"line":17,"column":50}},"4":{"start":{"line":19,"column":0},"end":{"line":21,"column":2}}},"fnMap":{},"branchMap":{},"s":{"0":4,"1":4,"2":4,"3":4,"4":4},"f":{},"b":{},"_coverageSchema":"1a1c01bbd47fc00a2c39e90264f33305004495a9","hash":"f09eddd89c517afd276e97f6abbafdfa718d139b"}
}
