TN:
SF:src/index.js
FN:15,(anonymous_0)
FNF:1
FNH:1
FNDA:1,(anonymous_0)
DA:1,1
DA:2,1
DA:3,1
DA:4,1
DA:6,1
DA:8,1
DA:15,1
DA:16,1
LF:8
LH:8
BRF:0
BRH:0
end_of_record
TN:
SF:src/config/db.js
FN:3,connectDB
FN:18,(anonymous_1)
FN:22,(anonymous_2)
FNF:3
FNH:3
FNDA:3,connectDB
FNDA:3,(anonymous_1)
FNDA:1,(anonymous_2)
DA:1,1
DA:4,3
DA:6,3
DA:7,3
DA:12,1
DA:13,1
DA:16,3
DA:18,3
DA:19,3
DA:22,3
DA:23,1
DA:26,3
DA:29,1
LF:13
LH:13
BRF:0
BRH:0
end_of_record
TN:
SF:src/graphql/resolvers.js
FNF:0
FNH:0
DA:1,2
DA:2,2
DA:4,2
DA:5,2
DA:7,2
LF:5
LH:5
BRF:0
BRH:0
end_of_record
TN:
SF:src/graphql/typedefs.js
FNF:0
FNH:0
DA:1,2
DA:2,2
DA:4,2
DA:5,2
DA:7,2
LF:5
LH:5
BRF:0
BRH:0
end_of_record
TN:
SF:src/graphql/resolvers/message.js
FN:7,(anonymous_0)
FN:9,(anonymous_1)
FN:13,(anonymous_2)
FN:19,(anonymous_3)
FN:21,(anonymous_4)
FN:24,(anonymous_5)
FN:46,(anonymous_6)
FN:52,(anonymous_7)
FNF:8
FNH:8
FNDA:2,(anonymous_0)
FNDA:1,(anonymous_1)
FNDA:1,(anonymous_2)
FNDA:4,(anonymous_3)
FNDA:3,(anonymous_4)
FNDA:1,(anonymous_5)
FNDA:1,(anonymous_6)
FNDA:1,(anonymous_7)
DA:1,2
DA:2,2
DA:3,2
DA:5,2
DA:8,2
DA:10,1
DA:11,1
DA:14,1
DA:20,4
DA:22,3
DA:25,1
DA:28,4
DA:29,2
DA:30,2
DA:35,2
DA:45,2
DA:47,1
DA:48,1
DA:53,1
DA:54,1
DA:62,2
LF:21
LH:21
BRDA:28,0,0,2
BRDA:28,0,1,2
BRDA:28,1,0,4
BRDA:28,1,1,3
BRF:4
BRH:4
end_of_record
TN:
SF:src/graphql/resolvers/room.js
FN:6,(anonymous_0)
FN:13,(anonymous_1)
FN:19,(anonymous_2)
FNF:3
FNH:3
FNDA:2,(anonymous_0)
FNDA:1,(anonymous_1)
FNDA:1,(anonymous_2)
DA:1,2
DA:2,2
DA:4,2
DA:7,2
DA:12,2
DA:14,1
DA:15,1
DA:20,1
DA:21,1
DA:29,2
LF:10
LH:10
BRF:0
BRH:0
end_of_record
TN:
SF:src/model/messages.js
FNF:0
FNH:0
DA:1,3
DA:2,3
DA:4,3
DA:11,3
DA:35,3
DA:37,3
LF:6
LH:6
BRF:0
BRH:0
end_of_record
TN:
SF:src/model/rooms.js
FNF:0
FNH:0
DA:1,4
DA:2,4
DA:4,4
DA:17,4
DA:19,4
LF:5
LH:5
BRF:0
BRH:0
end_of_record
